# JRE version: OpenJDK Runtime Environment (16.0+36) (build 16+36-2231)
# Java VM: OpenJDK 64-Bit Server VM (16+36-2231, mixed mode, sharing, tiered, compressed oops, g1 gc, windows-amd64)
GC Precious Log:
 CPUs: 4 total, 4 available
 Memory: 5959M
 Large Page Support: Disabled
 NUMA Support: Disabled
 Compressed Oops: Enabled (32-bit)
 Heap Region Size: 1M
 Heap Min Capacity: 8M
 Heap Initial Capacity: 94M
 Heap Max Capacity: 1490M
 Pre-touch: Disabled
 Parallel Workers: 4
 Concurrent Workers: 1
 Concurrent Refinement Workers: 4
 Periodic GC: Disabled
Heap:
 garbage-first heap   total 75776K, used 33651K [0x00000000a2e00000, 0x0000000100000000)
  region size 1024K, 16 young (16384K), 6 survivors (6144K)
 Metaspace       used 51762K, committed 52160K, reserved 1097728K
  class space    used 6936K, committed 7104K, reserved 1048576K
GC Heap History (20 events):
Event: 4.866 GC heap before
{Heap before GC invocations=3 (full 0):
 garbage-first heap   total 96256K, used 62912K [0x00000000a2e00000, 0x0000000100000000)
  region size 1024K, 56 young (57344K), 1 survivors (1024K)
 Metaspace       used 15011K, committed 15360K, reserved 1064960K
  class space    used 1811K, committed 1984K, reserved 1048576K
}
Event: 4.874 GC heap after
{Heap after GC invocations=4 (full 0):
 garbage-first heap   total 96256K, used 9753K [0x00000000a2e00000, 0x0000000100000000)
  region size 1024K, 3 young (3072K), 3 survivors (3072K)
 Metaspace       used 15011K, committed 15360K, reserved 1064960K
  class space    used 1811K, committed 1984K, reserved 1048576K
}
Event: 6.141 GC heap before
{Heap before GC invocations=4 (full 0):
 garbage-first heap   total 96256K, used 63001K [0x00000000a2e00000, 0x0000000100000000)
  region size 1024K, 56 young (57344K), 3 survivors (3072K)
 Metaspace       used 16770K, committed 17152K, reserved 1064960K
  class space    used 2002K, committed 2176K, reserved 1048576K
}
Event: 6.149 GC heap after
{Heap after GC invocations=5 (full 0):
 garbage-first heap   total 96256K, used 11132K [0x00000000a2e00000, 0x0000000100000000)
  region size 1024K, 5 young (5120K), 5 survivors (5120K)
 Metaspace       used 16770K, committed 17152K, reserved 1064960K
  class space    used 2002K, committed 2176K, reserved 1048576K
}
Event: 7.644 GC heap before
{Heap before GC invocations=5 (full 0):
 garbage-first heap   total 96256K, used 47996K [0x00000000a2e00000, 0x0000000100000000)
  region size 1024K, 42 young (43008K), 5 survivors (5120K)
 Metaspace       used 20988K, committed 21248K, reserved 1073152K
  class space    used 2561K, committed 2688K, reserved 1048576K
}
Event: 7.653 GC heap after
{Heap after GC invocations=6 (full 0):
 garbage-first heap   total 96256K, used 12958K [0x00000000a2e00000, 0x0000000100000000)
  region size 1024K, 4 young (4096K), 4 survivors (4096K)
 Metaspace       used 20988K, committed 21248K, reserved 1073152K
  class space    used 2561K, committed 2688K, reserved 1048576K
}
Event: 8.682 GC heap before
{Heap before GC invocations=7 (full 0):
 garbage-first heap   total 51200K, used 39582K [0x00000000a2e00000, 0x0000000100000000)
  region size 1024K, 30 young (30720K), 4 survivors (4096K)
 Metaspace       used 25796K, committed 26112K, reserved 1073152K
  class space    used 3207K, committed 3328K, reserved 1048576K
}
Event: 8.693 GC heap after
{Heap after GC invocations=8 (full 0):
 garbage-first heap   total 51200K, used 15827K [0x00000000a2e00000, 0x0000000100000000)
  region size 1024K, 4 young (4096K), 4 survivors (4096K)
 Metaspace       used 25796K, committed 26112K, reserved 1073152K
  class space    used 3207K, committed 3328K, reserved 1048576K
}
Event: 8.711 GC heap before
{Heap before GC invocations=8 (full 0):
 garbage-first heap   total 51200K, used 36307K [0x00000000a2e00000, 0x0000000100000000)
  region size 1024K, 25 young (25600K), 4 survivors (4096K)
 Metaspace       used 25801K, committed 26112K, reserved 1073152K
  class space    used 3207K, committed 3328K, reserved 1048576K
}
Event: 8.716 GC heap after
{Heap after GC invocations=9 (full 0):
 garbage-first heap   total 51200K, used 16065K [0x00000000a2e00000, 0x0000000100000000)
  region size 1024K, 1 young (1024K), 1 survivors (1024K)
 Metaspace       used 25801K, committed 26112K, reserved 1073152K
  class space    used 3207K, committed 3328K, reserved 1048576K
}
Event: 8.822 GC heap before
{Heap before GC invocations=9 (full 0):
 garbage-first heap   total 51200K, used 37569K [0x00000000a2e00000, 0x0000000100000000)
  region size 1024K, 23 young (23552K), 1 survivors (1024K)
 Metaspace       used 26383K, committed 26688K, reserved 1073152K
  class space    used 3259K, committed 3392K, reserved 1048576K
}
Event: 8.825 GC heap after
{Heap after GC invocations=10 (full 0):
 garbage-first heap   total 93184K, used 15799K [0x00000000a2e00000, 0x0000000100000000)
  region size 1024K, 1 young (1024K), 1 survivors (1024K)
 Metaspace       used 26383K, committed 26688K, reserved 1073152K
  class space    used 3259K, committed 3392K, reserved 1048576K
}
Event: 9.518 GC heap before
{Heap before GC invocations=10 (full 0):
 garbage-first heap   total 93184K, used 69047K [0x00000000a2e00000, 0x0000000100000000)
  region size 1024K, 54 young (55296K), 1 survivors (1024K)
 Metaspace       used 28655K, committed 28992K, reserved 1081344K
  class space    used 3561K, committed 3712K, reserved 1048576K
}
Event: 9.521 GC heap after
{Heap after GC invocations=11 (full 0):
 garbage-first heap   total 93184K, used 16680K [0x00000000a2e00000, 0x0000000100000000)
  region size 1024K, 2 young (2048K), 2 survivors (2048K)
 Metaspace       used 28655K, committed 28992K, reserved 1081344K
  class space    used 3561K, committed 3712K, reserved 1048576K
}
Event: 10.443 GC heap before
{Heap before GC invocations=11 (full 0):
 garbage-first heap   total 93184K, used 42280K [0x00000000a2e00000, 0x0000000100000000)
  region size 1024K, 28 young (28672K), 2 survivors (2048K)
 Metaspace       used 35390K, committed 35648K, reserved 1081344K
  class space    used 4562K, committed 4672K, reserved 1048576K
}
Event: 10.451 GC heap after
{Heap after GC invocations=12 (full 0):
 garbage-first heap   total 93184K, used 19209K [0x00000000a2e00000, 0x0000000100000000)
  region size 1024K, 4 young (4096K), 4 survivors (4096K)
 Metaspace       used 35390K, committed 35648K, reserved 1081344K
  class space    used 4562K, committed 4672K, reserved 1048576K
}
Event: 12.219 GC heap before
{Heap before GC invocations=13 (full 0):
 garbage-first heap   total 75776K, used 60169K [0x00000000a2e00000, 0x0000000100000000)
  region size 1024K, 44 young (45056K), 4 survivors (4096K)
 Metaspace       used 45481K, committed 45824K, reserved 1089536K
  class space    used 6078K, committed 6272K, reserved 1048576K
}
Event: 12.228 GC heap after
{Heap after GC invocations=14 (full 0):
 garbage-first heap   total 75776K, used 21861K [0x00000000a2e00000, 0x0000000100000000)
  region size 1024K, 6 young (6144K), 6 survivors (6144K)
 Metaspace       used 45481K, committed 45824K, reserved 1089536K
  class space    used 6078K, committed 6272K, reserved 1048576K
}
Event: 13.379 GC heap before
{Heap before GC invocations=14 (full 0):
 garbage-first heap   total 75776K, used 58725K [0x00000000a2e00000, 0x0000000100000000)
  region size 1024K, 42 young (43008K), 6 survivors (6144K)
 Metaspace       used 50468K, committed 50816K, reserved 1097728K
  class space    used 6731K, committed 6912K, reserved 1048576K
}
Event: 13.389 GC heap after
{Heap after GC invocations=15 (full 0):
 garbage-first heap   total 75776K, used 24435K [0x00000000a2e00000, 0x0000000100000000)
  region size 1024K, 6 young (6144K), 6 survivors (6144K)
 Metaspace       used 50468K, committed 50816K, reserved 1097728K
  class space    used 6731K, committed 6912K, reserved 1048576K
}

